<?xml version="1.0" encoding="UTF-8"?>
<testsuites name="HomePageTest Suite" time="108" tests="0" failures="1" errors="0">
   <testsuite name="HomePageTest Suite" tests="0" failures="1" errors="0" time="108" timestamp="2019-01-17 15:42:23" hostname="anusha.g.bhasker - HDC3-L-7041P2N.dir.svc.accenture.com" id="Test Suites/HomePageTest Suite">
      <properties>
         <property name="deviceName" value=""/>
         <property name="devicePlatform" value=""/>
         <property name="logFolder" value="C:\\Users\\anusha.g.bhasker\\Katalon Studio\\zee5tests\\Reports\\HomePageTest Suite\\20190117_154213"/>
         <property name="logFiles" value="C:\\Users\\anusha.g.bhasker\\Katalon Studio\\zee5tests\\Reports\\HomePageTest Suite\\20190117_154213\\execution0.log"/>
         <property name="attachments" value="C:\\Users\\anusha.g.bhasker\\Katalon Studio\\zee5tests\\Reports\\HomePageTest Suite\\20190117_154213\\1547720044706.png"/>
         <property name="hostName" value="anusha.g.bhasker - HDC3-L-7041P2N.dir.svc.accenture.com"/>
         <property name="os" value="Windows 10 64bit"/>
         <property name="katalonVersion" value="5.10.1.1"/>
         <property name="browser" value="Chrome 71.0.3578.98"/>
         <property name="hostAddress" value="10.196.215.102"/>
         <property name="sessionId" value="97f528b10f200bb15098d1d3708a9cf7"/>
         <property name="seleniumVersion" value="3.7.1"/>
         <property name="proxyInformation" value="ProxyInformation{proxyOption=NO_PROXY, proxyServerType=HTTP, password=, proxyServerAddress=, proxyServerPort=0}"/>
         <property name="platform" value="Windows 10"/>
      </properties>
      <testcase name="Test Cases/HomepageLoad after navigating to url" classname="Test Cases/HomepageLoad after navigating to url" status="FAILED">
         <failure type="FAILED" message="Test Cases/HomepageLoad after navigating to url FAILED.
Reason:
com.kms.katalon.core.exception.StepFailedException: Unable to maximize current window (Root cause: org.openqa.selenium.WebDriverException: unknown error: failed to change window state to normal, current state is maximized
  (Session info: chrome=71.0.3578.98)
  (Driver info: chromedriver=2.43.600210 (68dcf5eebde37173d4027fa8635e332711d2874a),platform=Windows NT 10.0.15063 x86_64) (WARNING: The server did not provide any stacktrace information)
Command duration or timeout: 0 milliseconds
Build info: version: '3.7.1', revision: '8a0099a', time: '2017-11-06T21:07:36.161Z'
System info: host: 'HDC3-L-7041P2N', ip: '10.196.215.102', os.name: 'Windows 10', os.arch: 'amd64', os.version: '10.0', java.version: '1.8.0_181'
Driver info: com.kms.katalon.selenium.driver.CChromeDriver
Capabilities {acceptInsecureCerts: false, acceptSslCerts: false, applicationCacheEnabled: false, browserConnectionEnabled: false, browserName: chrome, chrome: {chromedriverVersion: 2.43.600210 (68dcf5eebde371..., userDataDir: C:\Users\ANUSHA~1.BHA\AppDa...}, cssSelectorsEnabled: true, databaseEnabled: false, goog:chromeOptions: {debuggerAddress: localhost:58586}, handlesAlerts: true, hasTouchScreen: false, javascriptEnabled: true, locationContextEnabled: true, mobileEmulationEnabled: false, nativeEvents: true, networkConnectionEnabled: false, pageLoadStrategy: normal, platform: XP, platformName: XP, rotatable: false, setWindowRect: true, takesHeapSnapshot: true, takesScreenshot: true, unexpectedAlertBehaviour: , unhandledPromptBehavior: , version: 71.0.3578.98, webStorageEnabled: true}
Session ID: 97f528b10f200bb15098d1d3708a9cf7)
	at com.kms.katalon.core.keyword.internal.KeywordMain.stepFailed(KeywordMain.groovy:36)
	at com.kms.katalon.core.webui.keyword.internal.WebUIKeywordMain.stepFailed(WebUIKeywordMain.groovy:65)
	at com.kms.katalon.core.webui.keyword.internal.WebUIKeywordMain.runKeyword(WebUIKeywordMain.groovy:27)
	at com.kms.katalon.core.webui.keyword.builtin.MaximizeWindowKeyword.maximizeWindow(MaximizeWindowKeyword.groovy:74)
	at com.kms.katalon.core.webui.keyword.builtin.MaximizeWindowKeyword.execute(MaximizeWindowKeyword.groovy:69)
	at com.kms.katalon.core.keyword.internal.KeywordExecutor.executeKeywordForPlatform(KeywordExecutor.groovy:53)
	at com.kms.katalon.core.webui.keyword.WebUiBuiltInKeywords.maximizeWindow(WebUiBuiltInKeywords.groovy:279)
	at com.kms.katalon.core.webui.keyword.WebUiBuiltInKeywords$maximizeWindow$2.call(Unknown Source)
	at HomepageLoad after navigating to url.run(HomepageLoad after navigating to url:174)
	at com.kms.katalon.core.main.ScriptEngine.run(ScriptEngine.java:194)
	at com.kms.katalon.core.main.ScriptEngine.runScriptAsRawText(ScriptEngine.java:119)
	at com.kms.katalon.core.main.TestCaseExecutor.runScript(TestCaseExecutor.java:328)
	at com.kms.katalon.core.main.TestCaseExecutor.doExecute(TestCaseExecutor.java:319)
	at com.kms.katalon.core.main.TestCaseExecutor.processExecutionPhase(TestCaseExecutor.java:298)
	at com.kms.katalon.core.main.TestCaseExecutor.accessMainPhase(TestCaseExecutor.java:290)
	at com.kms.katalon.core.main.TestCaseExecutor.execute(TestCaseExecutor.java:224)
	at com.kms.katalon.core.main.TestSuiteExecutor.accessTestCaseMainPhase(TestSuiteExecutor.java:129)
	at com.kms.katalon.core.main.TestSuiteExecutor.accessTestSuiteMainPhase(TestSuiteExecutor.java:112)
	at com.kms.katalon.core.main.TestSuiteExecutor.execute(TestSuiteExecutor.java:81)
	at com.kms.katalon.core.main.TestCaseMain.startTestSuite(TestCaseMain.java:149)
	at com.kms.katalon.core.main.TestCaseMain$startTestSuite$0.call(Unknown Source)
	at TempTestSuite1547719933700.run(TempTestSuite1547719933700.groovy:36)
"/>
         <system-out><![CDATA[2019-01-17 15:42:24 - [TEST_CASE][FAILED] - Test Cases/HomepageLoad after navigating to url: Test Cases/HomepageLoad after navigating to url FAILED.
Reason:
com.kms.katalon.core.exception.StepFailedException: Unable to maximize current window (Root cause: org.openqa.selenium.WebDriverException: unknown error: failed to change window state to normal, current state is maximized
  (Session info: chrome=71.0.3578.98)
  (Driver info: chromedriver=2.43.600210 (68dcf5eebde37173d4027fa8635e332711d2874a),platform=Windows NT 10.0.15063 x86_64) (WARNING: The server did not provide any stacktrace information)
Command duration or timeout: 0 milliseconds
Build info: version: '3.7.1', revision: '8a0099a', time: '2017-11-06T21:07:36.161Z'
System info: host: 'HDC3-L-7041P2N', ip: '10.196.215.102', os.name: 'Windows 10', os.arch: 'amd64', os.version: '10.0', java.version: '1.8.0_181'
Driver info: com.kms.katalon.selenium.driver.CChromeDriver
Capabilities {acceptInsecureCerts: false, acceptSslCerts: false, applicationCacheEnabled: false, browserConnectionEnabled: false, browserName: chrome, chrome: {chromedriverVersion: 2.43.600210 (68dcf5eebde371..., userDataDir: C:\Users\ANUSHA~1.BHA\AppDa...}, cssSelectorsEnabled: true, databaseEnabled: false, goog:chromeOptions: {debuggerAddress: localhost:58586}, handlesAlerts: true, hasTouchScreen: false, javascriptEnabled: true, locationContextEnabled: true, mobileEmulationEnabled: false, nativeEvents: true, networkConnectionEnabled: false, pageLoadStrategy: normal, platform: XP, platformName: XP, rotatable: false, setWindowRect: true, takesHeapSnapshot: true, takesScreenshot: true, unexpectedAlertBehaviour: , unhandledPromptBehavior: , version: 71.0.3578.98, webStorageEnabled: true}
Session ID: 97f528b10f200bb15098d1d3708a9cf7)
	at com.kms.katalon.core.keyword.internal.KeywordMain.stepFailed(KeywordMain.groovy:36)
	at com.kms.katalon.core.webui.keyword.internal.WebUIKeywordMain.stepFailed(WebUIKeywordMain.groovy:65)
	at com.kms.katalon.core.webui.keyword.internal.WebUIKeywordMain.runKeyword(WebUIKeywordMain.groovy:27)
	at com.kms.katalon.core.webui.keyword.builtin.MaximizeWindowKeyword.maximizeWindow(MaximizeWindowKeyword.groovy:74)
	at com.kms.katalon.core.webui.keyword.builtin.MaximizeWindowKeyword.execute(MaximizeWindowKeyword.groovy:69)
	at com.kms.katalon.core.keyword.internal.KeywordExecutor.executeKeywordForPlatform(KeywordExecutor.groovy:53)
	at com.kms.katalon.core.webui.keyword.WebUiBuiltInKeywords.maximizeWindow(WebUiBuiltInKeywords.groovy:279)
	at com.kms.katalon.core.webui.keyword.WebUiBuiltInKeywords$maximizeWindow$2.call(Unknown Source)
	at HomepageLoad after navigating to url.run(HomepageLoad after navigating to url:174)
	at com.kms.katalon.core.main.ScriptEngine.run(ScriptEngine.java:194)
	at com.kms.katalon.core.main.ScriptEngine.runScriptAsRawText(ScriptEngine.java:119)
	at com.kms.katalon.core.main.TestCaseExecutor.runScript(TestCaseExecutor.java:328)
	at com.kms.katalon.core.main.TestCaseExecutor.doExecute(TestCaseExecutor.java:319)
	at com.kms.katalon.core.main.TestCaseExecutor.processExecutionPhase(TestCaseExecutor.java:298)
	at com.kms.katalon.core.main.TestCaseExecutor.accessMainPhase(TestCaseExecutor.java:290)
	at com.kms.katalon.core.main.TestCaseExecutor.execute(TestCaseExecutor.java:224)
	at com.kms.katalon.core.main.TestSuiteExecutor.accessTestCaseMainPhase(TestSuiteExecutor.java:129)
	at com.kms.katalon.core.main.TestSuiteExecutor.accessTestSuiteMainPhase(TestSuiteExecutor.java:112)
	at com.kms.katalon.core.main.TestSuiteExecutor.execute(TestSuiteExecutor.java:81)
	at com.kms.katalon.core.main.TestCaseMain.startTestSuite(TestCaseMain.java:149)
	at com.kms.katalon.core.main.TestCaseMain$startTestSuite$0.call(Unknown Source)
	at TempTestSuite1547719933700.run(TempTestSuite1547719933700.groovy:36)


2019-01-17 15:42:25 - [TEST_STEP][PASSED] - openBrowser(""): Browser is opened with url: ''

2019-01-17 15:42:27 - [MESSAGE][INFO] - Starting 'Chrome' driver

2019-01-17 15:42:27 - [MESSAGE][INFO] - User set preference: ['args', '[--disable-notifications]']

2019-01-17 15:42:27 - [MESSAGE][INFO] - Action delay is set to 2 seconds

2019-01-17 15:42:37 - [MESSAGE][PASSED] - Browser is opened with url: ''

2019-01-17 15:42:37 - [TEST_STEP][PASSED] - navigateToUrl(appurl): Navigate to 'https://www.zee5.com/' successfully

2019-01-17 15:42:47 - [MESSAGE][PASSED] - Navigate to 'https://www.zee5.com/' successfully

2019-01-17 15:42:47 - [TEST_STEP][PASSED] - waitForPageLoad(2): Wait for page load successfully

2019-01-17 15:42:50 - [MESSAGE][PASSED] - Wait for page load successfully

2019-01-17 15:42:50 - [TEST_STEP][PASSED] - maximizeWindow(): Current window maximized

2019-01-17 15:42:53 - [MESSAGE][PASSED] - Current window maximized

2019-01-17 15:42:53 - [TEST_STEP][PASSED] - delay(2): Delayed 2 second(s)

2019-01-17 15:42:55 - [MESSAGE][PASSED] - Delayed 2 second(s)

2019-01-17 15:42:55 - [TEST_STEP][PASSED] - zee5 = verifyElementPresent(findTestObject("HomepageObjects/Zee5 image check"), 0): Object 'Object Repository/HomepageObjects/Zee5 image check' is present

2019-01-17 15:42:55 - [MESSAGE][WARNING] - Timeout '0' is invalid. Using default page load timeout: '30'

2019-01-17 15:42:57 - [MESSAGE][PASSED] - Object 'Object Repository/HomepageObjects/Zee5 image check' is present

2019-01-17 15:42:57 - [TEST_STEP][PASSED] - if (zee5 == true): null

2019-01-17 15:42:57 - [TEST_STEP][PASSED] - println("Homepage Loaded successfully"): null

2019-01-17 15:42:57 - [TEST_STEP][PASSED] - delay(5): Delayed 5 second(s)

2019-01-17 15:43:02 - [MESSAGE][PASSED] - Delayed 5 second(s)

2019-01-17 15:43:02 - [TEST_STEP][PASSED] - delay(5): Delayed 5 second(s)

2019-01-17 15:43:07 - [MESSAGE][PASSED] - Delayed 5 second(s)

2019-01-17 15:43:07 - [TEST_STEP][PASSED] - premium = waitForElementPresent(findTestObject("HomepageObjects/Premium on homepage"), 0): Object 'Object Repository/HomepageObjects/Premium on homepage' is present

2019-01-17 15:43:07 - [MESSAGE][WARNING] - Timeout '0' is invalid. Using default page load timeout: '30'

2019-01-17 15:43:09 - [MESSAGE][PASSED] - Object 'Object Repository/HomepageObjects/Premium on homepage' is present

2019-01-17 15:43:09 - [TEST_STEP][PASSED] - if (premium == true): null

2019-01-17 15:43:09 - [TEST_STEP][PASSED] - println("Premium section is present on Homepage"): null

2019-01-17 15:43:09 - [TEST_STEP][PASSED] - shows = waitForElementPresent(findTestObject("HomepageObjects/Shows on homepage"), 0): Object 'Object Repository/HomepageObjects/Shows on homepage' is present

2019-01-17 15:43:09 - [MESSAGE][WARNING] - Timeout '0' is invalid. Using default page load timeout: '30'

2019-01-17 15:43:11 - [MESSAGE][PASSED] - Object 'Object Repository/HomepageObjects/Shows on homepage' is present

2019-01-17 15:43:11 - [TEST_STEP][PASSED] - if (shows == true): null

2019-01-17 15:43:11 - [TEST_STEP][PASSED] - println("Shows section is present on Homepage"): null

2019-01-17 15:43:11 - [TEST_STEP][PASSED] - movies = waitForElementPresent(findTestObject("HomepageObjects/Movies on homepage"), 0): Object 'Object Repository/HomepageObjects/Movies on homepage' is present

2019-01-17 15:43:11 - [MESSAGE][WARNING] - Timeout '0' is invalid. Using default page load timeout: '30'

2019-01-17 15:43:14 - [MESSAGE][PASSED] - Object 'Object Repository/HomepageObjects/Movies on homepage' is present

2019-01-17 15:43:14 - [TEST_STEP][PASSED] - if (movies == true): null

2019-01-17 15:43:14 - [TEST_STEP][PASSED] - println("Movies section is present on Homepage"): null

2019-01-17 15:43:14 - [TEST_STEP][PASSED] - videos = waitForElementPresent(findTestObject("HomepageObjects/Videos on homepage"), 0): Object 'Object Repository/HomepageObjects/Videos on homepage' is present

2019-01-17 15:43:14 - [MESSAGE][WARNING] - Timeout '0' is invalid. Using default page load timeout: '30'

2019-01-17 15:43:16 - [MESSAGE][PASSED] - Object 'Object Repository/HomepageObjects/Videos on homepage' is present

2019-01-17 15:43:16 - [TEST_STEP][PASSED] - if (videos == true): null

2019-01-17 15:43:16 - [TEST_STEP][PASSED] - println("Videos section is present on Homepage"): null

2019-01-17 15:43:16 - [TEST_STEP][PASSED] - TvGuide = waitForElementPresent(findTestObject("HomepageObjects/TvGuide on homepage"), 0): Object 'Object Repository/HomepageObjects/TvGuide on homepage' is present

2019-01-17 15:43:16 - [MESSAGE][WARNING] - Timeout '0' is invalid. Using default page load timeout: '30'

2019-01-17 15:43:18 - [MESSAGE][PASSED] - Object 'Object Repository/HomepageObjects/TvGuide on homepage' is present

2019-01-17 15:43:18 - [TEST_STEP][PASSED] - if (TvGuide == true): null

2019-01-17 15:43:18 - [TEST_STEP][PASSED] - println("TvGuide section is present on Homepage"): null

2019-01-17 15:43:18 - [TEST_STEP][PASSED] - Languageicon = waitForElementPresent(findTestObject("HomepageObjects/Language icon on homepage"), 0): Object 'Object Repository/HomepageObjects/Language icon on homepage' is present

2019-01-17 15:43:18 - [MESSAGE][WARNING] - Timeout '0' is invalid. Using default page load timeout: '30'

2019-01-17 15:43:20 - [MESSAGE][PASSED] - Object 'Object Repository/HomepageObjects/Language icon on homepage' is present

2019-01-17 15:43:20 - [TEST_STEP][PASSED] - if (Languageicon == true): null

2019-01-17 15:43:20 - [TEST_STEP][PASSED] - println("Language icon section is present on Homepage"): null

2019-01-17 15:43:20 - [TEST_STEP][PASSED] - Searchicon = waitForElementPresent(findTestObject("HomepageObjects/Search Icon on homepage"), 0): Object 'Object Repository/HomepageObjects/Search Icon on homepage' is present

2019-01-17 15:43:20 - [MESSAGE][WARNING] - Timeout '0' is invalid. Using default page load timeout: '30'

2019-01-17 15:43:22 - [MESSAGE][PASSED] - Object 'Object Repository/HomepageObjects/Search Icon on homepage' is present

2019-01-17 15:43:22 - [TEST_STEP][PASSED] - if (Searchicon == true): null

2019-01-17 15:43:22 - [TEST_STEP][PASSED] - println("Search Icon section is present on Homepage"): null

2019-01-17 15:43:22 - [TEST_STEP][PASSED] - Login = waitForElementPresent(findTestObject("HomepageObjects/Login in homepage"), 0): Object 'Object Repository/HomepageObjects/Login in homepage' is present

2019-01-17 15:43:22 - [MESSAGE][WARNING] - Timeout '0' is invalid. Using default page load timeout: '30'

2019-01-17 15:43:24 - [MESSAGE][PASSED] - Object 'Object Repository/HomepageObjects/Login in homepage' is present

2019-01-17 15:43:24 - [TEST_STEP][PASSED] - if (Login == true): null

2019-01-17 15:43:24 - [TEST_STEP][PASSED] - println("Login  section is present on Homepage"): null

2019-01-17 15:43:24 - [TEST_STEP][PASSED] - Threedotmenu = waitForElementPresent(findTestObject("HomepageObjects/Threedot menu on homepage"), 0): Object 'Object Repository/HomepageObjects/Threedot menu on homepage' is present

2019-01-17 15:43:24 - [MESSAGE][WARNING] - Timeout '0' is invalid. Using default page load timeout: '30'

2019-01-17 15:43:26 - [MESSAGE][PASSED] - Object 'Object Repository/HomepageObjects/Threedot menu on homepage' is present

2019-01-17 15:43:26 - [TEST_STEP][PASSED] - if (Threedotmenu == true): null

2019-01-17 15:43:26 - [TEST_STEP][PASSED] - println("Threedotmenu  section is present on Homepage"): null

2019-01-17 15:43:26 - [TEST_STEP][PASSED] - premiumcontentscheck = verifyElementPresent(findTestObject("HomepageObjects/Premium contents on Homepage"), 1): Object 'Object Repository/HomepageObjects/Premium contents on Homepage' is present

2019-01-17 15:43:28 - [MESSAGE][PASSED] - Object 'Object Repository/HomepageObjects/Premium contents on Homepage' is present

2019-01-17 15:43:28 - [TEST_STEP][PASSED] - if (premiumcontentscheck == true): null

2019-01-17 15:43:28 - [TEST_STEP][PASSED] - println("Premium contents are present on Homepage"): null

2019-01-17 15:43:28 - [TEST_STEP][PASSED] - scrollToElement(findTestObject("HomepageObjects/ContentsPlay on Homepage"), 1): Scroll to object 'Object Repository/HomepageObjects/ContentsPlay on Homepage' successfully

2019-01-17 15:43:32 - [MESSAGE][PASSED] - Scroll to object 'Object Repository/HomepageObjects/ContentsPlay on Homepage' successfully

2019-01-17 15:43:32 - [TEST_STEP][PASSED] - delay(10): Delayed 10 second(s)

2019-01-17 15:43:42 - [MESSAGE][PASSED] - Delayed 10 second(s)

2019-01-17 15:43:42 - [TEST_STEP][PASSED] - click(findTestObject("HomepageObjects/ContentsPlay on Homepage")): Object: 'Object Repository/HomepageObjects/ContentsPlay on Homepage' is clicked on

2019-01-17 15:43:52 - [MESSAGE][PASSED] - Object: 'Object Repository/HomepageObjects/ContentsPlay on Homepage' is clicked on

2019-01-17 15:43:52 - [TEST_STEP][PASSED] - waitForPageLoad(10): Wait for page load successfully

2019-01-17 15:43:54 - [MESSAGE][PASSED] - Wait for page load successfully

2019-01-17 15:43:54 - [TEST_STEP][PASSED] - navigateToUrl(appurl): Navigate to 'https://www.zee5.com/' successfully

2019-01-17 15:44:00 - [MESSAGE][PASSED] - Navigate to 'https://www.zee5.com/' successfully

2019-01-17 15:44:00 - [TEST_STEP][PASSED] - waitForPageLoad(2): Wait for page load successfully

2019-01-17 15:44:02 - [MESSAGE][PASSED] - Wait for page load successfully

2019-01-17 15:44:02 - [TEST_STEP][FAILED] - maximizeWindow(): maximizeWindow() FAILED.
Reason:
com.kms.katalon.core.exception.StepFailedException: Unable to maximize current window (Root cause: org.openqa.selenium.WebDriverException: unknown error: failed to change window state to normal, current state is maximized
  (Session info: chrome=71.0.3578.98)
  (Driver info: chromedriver=2.43.600210 (68dcf5eebde37173d4027fa8635e332711d2874a),platform=Windows NT 10.0.15063 x86_64) (WARNING: The server did not provide any stacktrace information)
Command duration or timeout: 0 milliseconds
Build info: version: '3.7.1', revision: '8a0099a', time: '2017-11-06T21:07:36.161Z'
System info: host: 'HDC3-L-7041P2N', ip: '10.196.215.102', os.name: 'Windows 10', os.arch: 'amd64', os.version: '10.0', java.version: '1.8.0_181'
Driver info: com.kms.katalon.selenium.driver.CChromeDriver
Capabilities {acceptInsecureCerts: false, acceptSslCerts: false, applicationCacheEnabled: false, browserConnectionEnabled: false, browserName: chrome, chrome: {chromedriverVersion: 2.43.600210 (68dcf5eebde371..., userDataDir: C:\Users\ANUSHA~1.BHA\AppDa...}, cssSelectorsEnabled: true, databaseEnabled: false, goog:chromeOptions: {debuggerAddress: localhost:58586}, handlesAlerts: true, hasTouchScreen: false, javascriptEnabled: true, locationContextEnabled: true, mobileEmulationEnabled: false, nativeEvents: true, networkConnectionEnabled: false, pageLoadStrategy: normal, platform: XP, platformName: XP, rotatable: false, setWindowRect: true, takesHeapSnapshot: true, takesScreenshot: true, unexpectedAlertBehaviour: , unhandledPromptBehavior: , version: 71.0.3578.98, webStorageEnabled: true}
Session ID: 97f528b10f200bb15098d1d3708a9cf7)
	at com.kms.katalon.core.keyword.internal.KeywordMain.stepFailed(KeywordMain.groovy:36)
	at com.kms.katalon.core.webui.keyword.internal.WebUIKeywordMain.stepFailed(WebUIKeywordMain.groovy:65)
	at com.kms.katalon.core.webui.keyword.internal.WebUIKeywordMain.runKeyword(WebUIKeywordMain.groovy:27)
	at com.kms.katalon.core.webui.keyword.builtin.MaximizeWindowKeyword.maximizeWindow(MaximizeWindowKeyword.groovy:74)
	at com.kms.katalon.core.webui.keyword.builtin.MaximizeWindowKeyword.execute(MaximizeWindowKeyword.groovy:69)
	at com.kms.katalon.core.keyword.internal.KeywordExecutor.executeKeywordForPlatform(KeywordExecutor.groovy:53)
	at com.kms.katalon.core.webui.keyword.WebUiBuiltInKeywords.maximizeWindow(WebUiBuiltInKeywords.groovy:279)
	at com.kms.katalon.core.webui.keyword.WebUiBuiltInKeywords$maximizeWindow$2.call(Unknown Source)
	at HomepageLoad after navigating to url.run(HomepageLoad after navigating to url:174)
	at com.kms.katalon.core.main.ScriptEngine.run(ScriptEngine.java:194)
	at com.kms.katalon.core.main.ScriptEngine.runScriptAsRawText(ScriptEngine.java:119)
	at com.kms.katalon.core.main.TestCaseExecutor.runScript(TestCaseExecutor.java:328)
	at com.kms.katalon.core.main.TestCaseExecutor.doExecute(TestCaseExecutor.java:319)
	at com.kms.katalon.core.main.TestCaseExecutor.processExecutionPhase(TestCaseExecutor.java:298)
	at com.kms.katalon.core.main.TestCaseExecutor.accessMainPhase(TestCaseExecutor.java:290)
	at com.kms.katalon.core.main.TestCaseExecutor.execute(TestCaseExecutor.java:224)
	at com.kms.katalon.core.main.TestSuiteExecutor.accessTestCaseMainPhase(TestSuiteExecutor.java:129)
	at com.kms.katalon.core.main.TestSuiteExecutor.accessTestSuiteMainPhase(TestSuiteExecutor.java:112)
	at com.kms.katalon.core.main.TestSuiteExecutor.execute(TestSuiteExecutor.java:81)
	at com.kms.katalon.core.main.TestCaseMain.startTestSuite(TestCaseMain.java:149)
	at com.kms.katalon.core.main.TestCaseMain$startTestSuite$0.call(Unknown Source)
	at TempTestSuite1547719933700.run(TempTestSuite1547719933700.groovy:36)


2019-01-17 15:44:07 - [MESSAGE][FAILED] - Unable to maximize current window (Root cause: org.openqa.selenium.WebDriverException: unknown error: failed to change window state to normal, current state is maximized
  (Session info: chrome=71.0.3578.98)
  (Driver info: chromedriver=2.43.600210 (68dcf5eebde37173d4027fa8635e332711d2874a),platform=Windows NT 10.0.15063 x86_64) (WARNING: The server did not provide any stacktrace information)
Command duration or timeout: 0 milliseconds
Build info: version: '3.7.1', revision: '8a0099a', time: '2017-11-06T21:07:36.161Z'
System info: host: 'HDC3-L-7041P2N', ip: '10.196.215.102', os.name: 'Windows 10', os.arch: 'amd64', os.version: '10.0', java.version: '1.8.0_181'
Driver info: com.kms.katalon.selenium.driver.CChromeDriver
Capabilities {acceptInsecureCerts: false, acceptSslCerts: false, applicationCacheEnabled: false, browserConnectionEnabled: false, browserName: chrome, chrome: {chromedriverVersion: 2.43.600210 (68dcf5eebde371..., userDataDir: C:\Users\ANUSHA~1.BHA\AppDa...}, cssSelectorsEnabled: true, databaseEnabled: false, goog:chromeOptions: {debuggerAddress: localhost:58586}, handlesAlerts: true, hasTouchScreen: false, javascriptEnabled: true, locationContextEnabled: true, mobileEmulationEnabled: false, nativeEvents: true, networkConnectionEnabled: false, pageLoadStrategy: normal, platform: XP, platformName: XP, rotatable: false, setWindowRect: true, takesHeapSnapshot: true, takesScreenshot: true, unexpectedAlertBehaviour: , unhandledPromptBehavior: , version: 71.0.3578.98, webStorageEnabled: true}
Session ID: 97f528b10f200bb15098d1d3708a9cf7)
[[ATTACHMENT|C:\\Users\\anusha.g.bhasker\\Katalon Studio\\zee5tests\\Reports\\HomePageTest Suite\\20190117_154213\\1547720044706.png]]

2019-01-17 15:44:07 - [MESSAGE][FAILED] - maximizeWindow() FAILED.
Reason:
com.kms.katalon.core.exception.StepFailedException: Unable to maximize current window (Root cause: org.openqa.selenium.WebDriverException: unknown error: failed to change window state to normal, current state is maximized
  (Session info: chrome=71.0.3578.98)
  (Driver info: chromedriver=2.43.600210 (68dcf5eebde37173d4027fa8635e332711d2874a),platform=Windows NT 10.0.15063 x86_64) (WARNING: The server did not provide any stacktrace information)
Command duration or timeout: 0 milliseconds
Build info: version: '3.7.1', revision: '8a0099a', time: '2017-11-06T21:07:36.161Z'
System info: host: 'HDC3-L-7041P2N', ip: '10.196.215.102', os.name: 'Windows 10', os.arch: 'amd64', os.version: '10.0', java.version: '1.8.0_181'
Driver info: com.kms.katalon.selenium.driver.CChromeDriver
Capabilities {acceptInsecureCerts: false, acceptSslCerts: false, applicationCacheEnabled: false, browserConnectionEnabled: false, browserName: chrome, chrome: {chromedriverVersion: 2.43.600210 (68dcf5eebde371..., userDataDir: C:\Users\ANUSHA~1.BHA\AppDa...}, cssSelectorsEnabled: true, databaseEnabled: false, goog:chromeOptions: {debuggerAddress: localhost:58586}, handlesAlerts: true, hasTouchScreen: false, javascriptEnabled: true, locationContextEnabled: true, mobileEmulationEnabled: false, nativeEvents: true, networkConnectionEnabled: false, pageLoadStrategy: normal, platform: XP, platformName: XP, rotatable: false, setWindowRect: true, takesHeapSnapshot: true, takesScreenshot: true, unexpectedAlertBehaviour: , unhandledPromptBehavior: , version: 71.0.3578.98, webStorageEnabled: true}
Session ID: 97f528b10f200bb15098d1d3708a9cf7)
	at com.kms.katalon.core.keyword.internal.KeywordMain.stepFailed(KeywordMain.groovy:36)
	at com.kms.katalon.core.webui.keyword.internal.WebUIKeywordMain.stepFailed(WebUIKeywordMain.groovy:65)
	at com.kms.katalon.core.webui.keyword.internal.WebUIKeywordMain.runKeyword(WebUIKeywordMain.groovy:27)
	at com.kms.katalon.core.webui.keyword.builtin.MaximizeWindowKeyword.maximizeWindow(MaximizeWindowKeyword.groovy:74)
	at com.kms.katalon.core.webui.keyword.builtin.MaximizeWindowKeyword.execute(MaximizeWindowKeyword.groovy:69)
	at com.kms.katalon.core.keyword.internal.KeywordExecutor.executeKeywordForPlatform(KeywordExecutor.groovy:53)
	at com.kms.katalon.core.webui.keyword.WebUiBuiltInKeywords.maximizeWindow(WebUiBuiltInKeywords.groovy:279)
	at com.kms.katalon.core.webui.keyword.WebUiBuiltInKeywords$maximizeWindow$2.call(Unknown Source)
	at HomepageLoad after navigating to url.run(HomepageLoad after navigating to url:174)
	at com.kms.katalon.core.main.ScriptEngine.run(ScriptEngine.java:194)
	at com.kms.katalon.core.main.ScriptEngine.runScriptAsRawText(ScriptEngine.java:119)
	at com.kms.katalon.core.main.TestCaseExecutor.runScript(TestCaseExecutor.java:328)
	at com.kms.katalon.core.main.TestCaseExecutor.doExecute(TestCaseExecutor.java:319)
	at com.kms.katalon.core.main.TestCaseExecutor.processExecutionPhase(TestCaseExecutor.java:298)
	at com.kms.katalon.core.main.TestCaseExecutor.accessMainPhase(TestCaseExecutor.java:290)
	at com.kms.katalon.core.main.TestCaseExecutor.execute(TestCaseExecutor.java:224)
	at com.kms.katalon.core.main.TestSuiteExecutor.accessTestCaseMainPhase(TestSuiteExecutor.java:129)
	at com.kms.katalon.core.main.TestSuiteExecutor.accessTestSuiteMainPhase(TestSuiteExecutor.java:112)
	at com.kms.katalon.core.main.TestSuiteExecutor.execute(TestSuiteExecutor.java:81)
	at com.kms.katalon.core.main.TestCaseMain.startTestSuite(TestCaseMain.java:149)
	at com.kms.katalon.core.main.TestCaseMain$startTestSuite$0.call(Unknown Source)
	at TempTestSuite1547719933700.run(TempTestSuite1547719933700.groovy:36)]]></system-out>
         <system-err><![CDATA[2019-01-17 15:42:24 - [TEST_CASE][FAILED] - Test Cases/HomepageLoad after navigating to url: Test Cases/HomepageLoad after navigating to url FAILED.
Reason:
com.kms.katalon.core.exception.StepFailedException: Unable to maximize current window (Root cause: org.openqa.selenium.WebDriverException: unknown error: failed to change window state to normal, current state is maximized
  (Session info: chrome=71.0.3578.98)
  (Driver info: chromedriver=2.43.600210 (68dcf5eebde37173d4027fa8635e332711d2874a),platform=Windows NT 10.0.15063 x86_64) (WARNING: The server did not provide any stacktrace information)
Command duration or timeout: 0 milliseconds
Build info: version: '3.7.1', revision: '8a0099a', time: '2017-11-06T21:07:36.161Z'
System info: host: 'HDC3-L-7041P2N', ip: '10.196.215.102', os.name: 'Windows 10', os.arch: 'amd64', os.version: '10.0', java.version: '1.8.0_181'
Driver info: com.kms.katalon.selenium.driver.CChromeDriver
Capabilities {acceptInsecureCerts: false, acceptSslCerts: false, applicationCacheEnabled: false, browserConnectionEnabled: false, browserName: chrome, chrome: {chromedriverVersion: 2.43.600210 (68dcf5eebde371..., userDataDir: C:\Users\ANUSHA~1.BHA\AppDa...}, cssSelectorsEnabled: true, databaseEnabled: false, goog:chromeOptions: {debuggerAddress: localhost:58586}, handlesAlerts: true, hasTouchScreen: false, javascriptEnabled: true, locationContextEnabled: true, mobileEmulationEnabled: false, nativeEvents: true, networkConnectionEnabled: false, pageLoadStrategy: normal, platform: XP, platformName: XP, rotatable: false, setWindowRect: true, takesHeapSnapshot: true, takesScreenshot: true, unexpectedAlertBehaviour: , unhandledPromptBehavior: , version: 71.0.3578.98, webStorageEnabled: true}
Session ID: 97f528b10f200bb15098d1d3708a9cf7)
	at com.kms.katalon.core.keyword.internal.KeywordMain.stepFailed(KeywordMain.groovy:36)
	at com.kms.katalon.core.webui.keyword.internal.WebUIKeywordMain.stepFailed(WebUIKeywordMain.groovy:65)
	at com.kms.katalon.core.webui.keyword.internal.WebUIKeywordMain.runKeyword(WebUIKeywordMain.groovy:27)
	at com.kms.katalon.core.webui.keyword.builtin.MaximizeWindowKeyword.maximizeWindow(MaximizeWindowKeyword.groovy:74)
	at com.kms.katalon.core.webui.keyword.builtin.MaximizeWindowKeyword.execute(MaximizeWindowKeyword.groovy:69)
	at com.kms.katalon.core.keyword.internal.KeywordExecutor.executeKeywordForPlatform(KeywordExecutor.groovy:53)
	at com.kms.katalon.core.webui.keyword.WebUiBuiltInKeywords.maximizeWindow(WebUiBuiltInKeywords.groovy:279)
	at com.kms.katalon.core.webui.keyword.WebUiBuiltInKeywords$maximizeWindow$2.call(Unknown Source)
	at HomepageLoad after navigating to url.run(HomepageLoad after navigating to url:174)
	at com.kms.katalon.core.main.ScriptEngine.run(ScriptEngine.java:194)
	at com.kms.katalon.core.main.ScriptEngine.runScriptAsRawText(ScriptEngine.java:119)
	at com.kms.katalon.core.main.TestCaseExecutor.runScript(TestCaseExecutor.java:328)
	at com.kms.katalon.core.main.TestCaseExecutor.doExecute(TestCaseExecutor.java:319)
	at com.kms.katalon.core.main.TestCaseExecutor.processExecutionPhase(TestCaseExecutor.java:298)
	at com.kms.katalon.core.main.TestCaseExecutor.accessMainPhase(TestCaseExecutor.java:290)
	at com.kms.katalon.core.main.TestCaseExecutor.execute(TestCaseExecutor.java:224)
	at com.kms.katalon.core.main.TestSuiteExecutor.accessTestCaseMainPhase(TestSuiteExecutor.java:129)
	at com.kms.katalon.core.main.TestSuiteExecutor.accessTestSuiteMainPhase(TestSuiteExecutor.java:112)
	at com.kms.katalon.core.main.TestSuiteExecutor.execute(TestSuiteExecutor.java:81)
	at com.kms.katalon.core.main.TestCaseMain.startTestSuite(TestCaseMain.java:149)
	at com.kms.katalon.core.main.TestCaseMain$startTestSuite$0.call(Unknown Source)
	at TempTestSuite1547719933700.run(TempTestSuite1547719933700.groovy:36)]]></system-err>
      </testcase>
      <system-out><![CDATA[2019-01-17 15:42:23 - [TEST_SUITE][FAILED] - HomePageTest Suite: Test Cases/HomepageLoad after navigating to url FAILED.
Reason:
com.kms.katalon.core.exception.StepFailedException: Unable to maximize current window (Root cause: org.openqa.selenium.WebDriverException: unknown error: failed to change window state to normal, current state is maximized
  (Session info: chrome=71.0.3578.98)
  (Driver info: chromedriver=2.43.600210 (68dcf5eebde37173d4027fa8635e332711d2874a),platform=Windows NT 10.0.15063 x86_64) (WARNING: The server did not provide any stacktrace information)
Command duration or timeout: 0 milliseconds
Build info: version: '3.7.1', revision: '8a0099a', time: '2017-11-06T21:07:36.161Z'
System info: host: 'HDC3-L-7041P2N', ip: '10.196.215.102', os.name: 'Windows 10', os.arch: 'amd64', os.version: '10.0', java.version: '1.8.0_181'
Driver info: com.kms.katalon.selenium.driver.CChromeDriver
Capabilities {acceptInsecureCerts: false, acceptSslCerts: false, applicationCacheEnabled: false, browserConnectionEnabled: false, browserName: chrome, chrome: {chromedriverVersion: 2.43.600210 (68dcf5eebde371..., userDataDir: C:\Users\ANUSHA~1.BHA\AppDa...}, cssSelectorsEnabled: true, databaseEnabled: false, goog:chromeOptions: {debuggerAddress: localhost:58586}, handlesAlerts: true, hasTouchScreen: false, javascriptEnabled: true, locationContextEnabled: true, mobileEmulationEnabled: false, nativeEvents: true, networkConnectionEnabled: false, pageLoadStrategy: normal, platform: XP, platformName: XP, rotatable: false, setWindowRect: true, takesHeapSnapshot: true, takesScreenshot: true, unexpectedAlertBehaviour: , unhandledPromptBehavior: , version: 71.0.3578.98, webStorageEnabled: true}
Session ID: 97f528b10f200bb15098d1d3708a9cf7)
	at com.kms.katalon.core.keyword.internal.KeywordMain.stepFailed(KeywordMain.groovy:36)
	at com.kms.katalon.core.webui.keyword.internal.WebUIKeywordMain.stepFailed(WebUIKeywordMain.groovy:65)
	at com.kms.katalon.core.webui.keyword.internal.WebUIKeywordMain.runKeyword(WebUIKeywordMain.groovy:27)
	at com.kms.katalon.core.webui.keyword.builtin.MaximizeWindowKeyword.maximizeWindow(MaximizeWindowKeyword.groovy:74)
	at com.kms.katalon.core.webui.keyword.builtin.MaximizeWindowKeyword.execute(MaximizeWindowKeyword.groovy:69)
	at com.kms.katalon.core.keyword.internal.KeywordExecutor.executeKeywordForPlatform(KeywordExecutor.groovy:53)
	at com.kms.katalon.core.webui.keyword.WebUiBuiltInKeywords.maximizeWindow(WebUiBuiltInKeywords.groovy:279)
	at com.kms.katalon.core.webui.keyword.WebUiBuiltInKeywords$maximizeWindow$2.call(Unknown Source)
	at HomepageLoad after navigating to url.run(HomepageLoad after navigating to url:174)
	at com.kms.katalon.core.main.ScriptEngine.run(ScriptEngine.java:194)
	at com.kms.katalon.core.main.ScriptEngine.runScriptAsRawText(ScriptEngine.java:119)
	at com.kms.katalon.core.main.TestCaseExecutor.runScript(TestCaseExecutor.java:328)
	at com.kms.katalon.core.main.TestCaseExecutor.doExecute(TestCaseExecutor.java:319)
	at com.kms.katalon.core.main.TestCaseExecutor.processExecutionPhase(TestCaseExecutor.java:298)
	at com.kms.katalon.core.main.TestCaseExecutor.accessMainPhase(TestCaseExecutor.java:290)
	at com.kms.katalon.core.main.TestCaseExecutor.execute(TestCaseExecutor.java:224)
	at com.kms.katalon.core.main.TestSuiteExecutor.accessTestCaseMainPhase(TestSuiteExecutor.java:129)
	at com.kms.katalon.core.main.TestSuiteExecutor.accessTestSuiteMainPhase(TestSuiteExecutor.java:112)
	at com.kms.katalon.core.main.TestSuiteExecutor.execute(TestSuiteExecutor.java:81)
	at com.kms.katalon.core.main.TestCaseMain.startTestSuite(TestCaseMain.java:149)
	at com.kms.katalon.core.main.TestCaseMain$startTestSuite$0.call(Unknown Source)
	at TempTestSuite1547719933700.run(TempTestSuite1547719933700.groovy:36)]]></system-out>
      <system-err><![CDATA[2019-01-17 15:42:23 - [TEST_SUITE][FAILED] - HomePageTest Suite: Test Cases/HomepageLoad after navigating to url FAILED.
Reason:
com.kms.katalon.core.exception.StepFailedException: Unable to maximize current window (Root cause: org.openqa.selenium.WebDriverException: unknown error: failed to change window state to normal, current state is maximized
  (Session info: chrome=71.0.3578.98)
  (Driver info: chromedriver=2.43.600210 (68dcf5eebde37173d4027fa8635e332711d2874a),platform=Windows NT 10.0.15063 x86_64) (WARNING: The server did not provide any stacktrace information)
Command duration or timeout: 0 milliseconds
Build info: version: '3.7.1', revision: '8a0099a', time: '2017-11-06T21:07:36.161Z'
System info: host: 'HDC3-L-7041P2N', ip: '10.196.215.102', os.name: 'Windows 10', os.arch: 'amd64', os.version: '10.0', java.version: '1.8.0_181'
Driver info: com.kms.katalon.selenium.driver.CChromeDriver
Capabilities {acceptInsecureCerts: false, acceptSslCerts: false, applicationCacheEnabled: false, browserConnectionEnabled: false, browserName: chrome, chrome: {chromedriverVersion: 2.43.600210 (68dcf5eebde371..., userDataDir: C:\Users\ANUSHA~1.BHA\AppDa...}, cssSelectorsEnabled: true, databaseEnabled: false, goog:chromeOptions: {debuggerAddress: localhost:58586}, handlesAlerts: true, hasTouchScreen: false, javascriptEnabled: true, locationContextEnabled: true, mobileEmulationEnabled: false, nativeEvents: true, networkConnectionEnabled: false, pageLoadStrategy: normal, platform: XP, platformName: XP, rotatable: false, setWindowRect: true, takesHeapSnapshot: true, takesScreenshot: true, unexpectedAlertBehaviour: , unhandledPromptBehavior: , version: 71.0.3578.98, webStorageEnabled: true}
Session ID: 97f528b10f200bb15098d1d3708a9cf7)
	at com.kms.katalon.core.keyword.internal.KeywordMain.stepFailed(KeywordMain.groovy:36)
	at com.kms.katalon.core.webui.keyword.internal.WebUIKeywordMain.stepFailed(WebUIKeywordMain.groovy:65)
	at com.kms.katalon.core.webui.keyword.internal.WebUIKeywordMain.runKeyword(WebUIKeywordMain.groovy:27)
	at com.kms.katalon.core.webui.keyword.builtin.MaximizeWindowKeyword.maximizeWindow(MaximizeWindowKeyword.groovy:74)
	at com.kms.katalon.core.webui.keyword.builtin.MaximizeWindowKeyword.execute(MaximizeWindowKeyword.groovy:69)
	at com.kms.katalon.core.keyword.internal.KeywordExecutor.executeKeywordForPlatform(KeywordExecutor.groovy:53)
	at com.kms.katalon.core.webui.keyword.WebUiBuiltInKeywords.maximizeWindow(WebUiBuiltInKeywords.groovy:279)
	at com.kms.katalon.core.webui.keyword.WebUiBuiltInKeywords$maximizeWindow$2.call(Unknown Source)
	at HomepageLoad after navigating to url.run(HomepageLoad after navigating to url:174)
	at com.kms.katalon.core.main.ScriptEngine.run(ScriptEngine.java:194)
	at com.kms.katalon.core.main.ScriptEngine.runScriptAsRawText(ScriptEngine.java:119)
	at com.kms.katalon.core.main.TestCaseExecutor.runScript(TestCaseExecutor.java:328)
	at com.kms.katalon.core.main.TestCaseExecutor.doExecute(TestCaseExecutor.java:319)
	at com.kms.katalon.core.main.TestCaseExecutor.processExecutionPhase(TestCaseExecutor.java:298)
	at com.kms.katalon.core.main.TestCaseExecutor.accessMainPhase(TestCaseExecutor.java:290)
	at com.kms.katalon.core.main.TestCaseExecutor.execute(TestCaseExecutor.java:224)
	at com.kms.katalon.core.main.TestSuiteExecutor.accessTestCaseMainPhase(TestSuiteExecutor.java:129)
	at com.kms.katalon.core.main.TestSuiteExecutor.accessTestSuiteMainPhase(TestSuiteExecutor.java:112)
	at com.kms.katalon.core.main.TestSuiteExecutor.execute(TestSuiteExecutor.java:81)
	at com.kms.katalon.core.main.TestCaseMain.startTestSuite(TestCaseMain.java:149)
	at com.kms.katalon.core.main.TestCaseMain$startTestSuite$0.call(Unknown Source)
	at TempTestSuite1547719933700.run(TempTestSuite1547719933700.groovy:36)]]></system-err>
   </testsuite>
</testsuites>
